<?xml version="1.0" encoding="UTF-8"?>
<!-- Generated by org.testng.reporters.JUnitReportReporter -->
<testsuite hostname="DESKTOP-UH5N0DV" failures="0" tests="3" name="Demo_Package.TestNG_DemoClass" time="0.008" errors="0" timestamp="2022-07-04T09:54:00 IST" skipped="0">
  <testcase classname="Demo_Package.TestNG_DemoClass" name="WebPersonalLoan" time="0.001"/>
  <system-out/>
  <testcase classname="Demo_Package.TestNG_DemoClass" name="APIPersonalLoan" time="0.001"/>
  <system-out/>
  <testcase classname="Demo_Package.TestNG_DemoClass" name="MobilePersonalLoan" time="0.006"/>
  <system-out/>
</testsuite> <!-- Demo_Package.TestNG_DemoClass -->
