<?xml version="1.0" encoding="UTF-8"?>
<!-- Generated by org.testng.reporters.JUnitReportReporter -->
<testsuite hostname="DESKTOP-UH5N0DV" failures="0" tests="1" name="Demo_Package.Demo_Class" time="8.589" errors="0" timestamp="2022-07-04T09:54:00 IST" skipped="0">
  <testcase classname="Demo_Package.Demo_Class" name="test1" time="8.589"/>
  <system-out/>
</testsuite> <!-- Demo_Package.Demo_Class -->
