<?xml version="1.0" encoding="UTF-8"?>
<!-- Generated by org.testng.reporters.JUnitReportReporter -->
<testsuite hostname="DESKTOP-UH5N0DV" failures="0" tests="3" name="Demo_Package.TestNG_DemoClass2" time="0.002" errors="0" timestamp="2022-07-04T09:54:00 IST" skipped="0">
  <testcase classname="Demo_Package.TestNG_DemoClass2" name="WebCarLoan" time="0.001"/>
  <system-out/>
  <testcase classname="Demo_Package.TestNG_DemoClass2" name="MobileCarLoan" time="0.001"/>
  <system-out/>
  <testcase classname="Demo_Package.TestNG_DemoClass2" name="APICarLoan" time="0.000"/>
  <system-out/>
</testsuite> <!-- Demo_Package.TestNG_DemoClass2 -->
